[ERROR][%PARSER_ERROR[nanos]] 2021-10-15 22:32:05.923 org.springframework.boot.SpringApplication:[843] - Application run failed
java.lang.IllegalStateException: java.lang.IllegalStateException: Logback configuration error detected: 
ERROR in ch.qos.logback.core.pattern.parser.Compiler@5c87bfe2 - Failed to instantiate converter class [cn.percent.bi.framework.common.utils.NanoSampleConverter] for keyword [nanos] ch.qos.logback.core.util.DynamicClassLoadingException: Failed to instantiate type cn.percent.bi.framework.common.utils.NanoSampleConverter
ERROR in ch.qos.logback.core.pattern.parser.Compiler@5c87bfe2 - [nanos] is not a valid conversion word
ERROR in ch.qos.logback.core.pattern.parser.Compiler@2fea7088 - Failed to instantiate converter class [cn.percent.bi.framework.common.utils.NanoSampleConverter] for keyword [nanos] ch.qos.logback.core.util.DynamicClassLoadingException: Failed to instantiate type cn.percent.bi.framework.common.utils.NanoSampleConverter
ERROR in ch.qos.logback.core.pattern.parser.Compiler@2fea7088 - [nanos] is not a valid conversion word
	at org.springframework.boot.context.logging.LoggingApplicationListener.initializeSystem(LoggingApplicationListener.java:328)
	at org.springframework.boot.context.logging.LoggingApplicationListener.initialize(LoggingApplicationListener.java:282)
	at org.springframework.boot.context.logging.LoggingApplicationListener.onApplicationEnvironmentPreparedEvent(LoggingApplicationListener.java:240)
	at org.springframework.boot.context.logging.LoggingApplicationListener.onApplicationEvent(LoggingApplicationListener.java:216)
	at org.springframework.context.event.SimpleApplicationEventMulticaster.doInvokeListener(SimpleApplicationEventMulticaster.java:176)
	at org.springframework.context.event.SimpleApplicationEventMulticaster.invokeListener(SimpleApplicationEventMulticaster.java:169)
	at org.springframework.context.event.SimpleApplicationEventMulticaster.multicastEvent(SimpleApplicationEventMulticaster.java:143)
	at org.springframework.context.event.SimpleApplicationEventMulticaster.multicastEvent(SimpleApplicationEventMulticaster.java:131)
	at org.springframework.boot.context.event.EventPublishingRunListener.environmentPrepared(EventPublishingRunListener.java:82)
	at org.springframework.boot.SpringApplicationRunListeners.lambda$environmentPrepared$2(SpringApplicationRunListeners.java:63)
	at java.util.ArrayList.forEach(ArrayList.java:1257)
	at org.springframework.boot.SpringApplicationRunListeners.doWithListeners(SpringApplicationRunListeners.java:117)
	at org.springframework.boot.SpringApplicationRunListeners.doWithListeners(SpringApplicationRunListeners.java:111)
	at org.springframework.boot.SpringApplicationRunListeners.environmentPrepared(SpringApplicationRunListeners.java:62)
	at org.springframework.boot.SpringApplication.prepareEnvironment(SpringApplication.java:374)
	at org.springframework.boot.SpringApplication.run(SpringApplication.java:332)
	at org.springframework.boot.SpringApplication.run(SpringApplication.java:1343)
	at org.springframework.boot.SpringApplication.run(SpringApplication.java:1332)
	at cn.wayok.RestfulApi.main(RestfulApi.java:16)
Caused by: java.lang.IllegalStateException: Logback configuration error detected: 
ERROR in ch.qos.logback.core.pattern.parser.Compiler@5c87bfe2 - Failed to instantiate converter class [cn.percent.bi.framework.common.utils.NanoSampleConverter] for keyword [nanos] ch.qos.logback.core.util.DynamicClassLoadingException: Failed to instantiate type cn.percent.bi.framework.common.utils.NanoSampleConverter
ERROR in ch.qos.logback.core.pattern.parser.Compiler@5c87bfe2 - [nanos] is not a valid conversion word
ERROR in ch.qos.logback.core.pattern.parser.Compiler@2fea7088 - Failed to instantiate converter class [cn.percent.bi.framework.common.utils.NanoSampleConverter] for keyword [nanos] ch.qos.logback.core.util.DynamicClassLoadingException: Failed to instantiate type cn.percent.bi.framework.common.utils.NanoSampleConverter
ERROR in ch.qos.logback.core.pattern.parser.Compiler@2fea7088 - [nanos] is not a valid conversion word
	at org.springframework.boot.logging.logback.LogbackLoggingSystem.loadConfiguration(LogbackLoggingSystem.java:179)
	at org.springframework.boot.logging.logback.LogbackLoggingSystem.reinitialize(LogbackLoggingSystem.java:232)
	at org.springframework.boot.logging.AbstractLoggingSystem.initializeWithConventions(AbstractLoggingSystem.java:73)
	at org.springframework.boot.logging.AbstractLoggingSystem.initialize(AbstractLoggingSystem.java:60)
	at org.springframework.boot.logging.logback.LogbackLoggingSystem.initialize(LogbackLoggingSystem.java:132)
	at org.springframework.boot.context.logging.LoggingApplicationListener.initializeSystem(LoggingApplicationListener.java:313)
	... 18 common frames omitted
